[INFO] Scanning for projects...
[INFO] 
[INFO] -----------------------< com.bookstore:backend >------------------------
[INFO] Building OnlineBookStore 0.0.1-SNAPSHOT
[INFO] --------------------------------[ jar ]---------------------------------
[INFO] 
[INFO] >>> spring-boot-maven-plugin:3.2.3:run (default-cli) > test-compile @ backend >>>
[INFO] 
[INFO] --- maven-resources-plugin:3.3.1:resources (default-resources) @ backend ---
[INFO] Copying 3 resources from src/main/resources to target/classes
[INFO] Copying 2 resources from src/main/resources to target/classes
[INFO] 
[INFO] --- maven-compiler-plugin:3.11.0:compile (default-compile) @ backend ---
[INFO] Changes detected - recompiling the module! :source
[INFO] Compiling 44 source files with javac [debug release 17] to target/classes
[WARNING] /Users/tejureddy/Desktop/Workspace/Online_Book_Store/backend/src/main/java/com/bookstore/backend/exception/ValidationErrorResponse.java:[7,1] Generating equals/hashCode implementation but without a call to superclass, even though this class does not extend java.lang.Object. If this is intentional, add '@EqualsAndHashCode(callSuper=false)' to your type.
[WARNING] /Users/tejureddy/Desktop/Workspace/Online_Book_Store/backend/src/main/java/com/bookstore/backend/security/SecurityConfig.java:[33,13] cors() in org.springframework.security.config.annotation.web.builders.HttpSecurity has been deprecated and marked for removal
[WARNING] /Users/tejureddy/Desktop/Workspace/Online_Book_Store/backend/src/main/java/com/bookstore/backend/security/SecurityConfig.java:[33,20] and() in org.springframework.security.config.annotation.SecurityConfigurerAdapter has been deprecated and marked for removal
[WARNING] /Users/tejureddy/Desktop/Workspace/Online_Book_Store/backend/src/main/java/com/bookstore/backend/security/SecurityConfig.java:[34,13] csrf() in org.springframework.security.config.annotation.web.builders.HttpSecurity has been deprecated and marked for removal
[WARNING] /Users/tejureddy/Desktop/Workspace/Online_Book_Store/backend/src/main/java/com/bookstore/backend/security/SecurityConfig.java:[35,13] sessionManagement() in org.springframework.security.config.annotation.web.builders.HttpSecurity has been deprecated and marked for removal
[WARNING] /Users/tejureddy/Desktop/Workspace/Online_Book_Store/backend/src/main/java/com/bookstore/backend/security/SecurityConfig.java:[36,13] and() in org.springframework.security.config.annotation.SecurityConfigurerAdapter has been deprecated and marked for removal
[WARNING] /Users/tejureddy/Desktop/Workspace/Online_Book_Store/backend/src/main/java/com/bookstore/backend/security/SecurityConfig.java:[43,13] httpBasic() in org.springframework.security.config.annotation.web.builders.HttpSecurity has been deprecated and marked for removal
[WARNING] /Users/tejureddy/Desktop/Workspace/Online_Book_Store/backend/src/main/java/com/bookstore/backend/security/SecurityConfig.java:[44,13] formLogin() in org.springframework.security.config.annotation.web.builders.HttpSecurity has been deprecated and marked for removal
[INFO] 
[INFO] --- maven-resources-plugin:3.3.1:testResources (default-testResources) @ backend ---
[INFO] Copying 2 resources from src/test/resources to target/test-classes
[INFO] 
[INFO] --- maven-compiler-plugin:3.11.0:testCompile (default-testCompile) @ backend ---
[INFO] Changes detected - recompiling the module! :dependency
[INFO] Compiling 4 source files with javac [debug release 17] to target/test-classes
[INFO] 
[INFO] <<< spring-boot-maven-plugin:3.2.3:run (default-cli) < test-compile @ backend <<<
[INFO] 
[INFO] 
[INFO] --- spring-boot-maven-plugin:3.2.3:run (default-cli) @ backend ---
[INFO] Attaching agents: []

  .   ____          _            __ _ _
 /\\ / ___'_ __ _ _(_)_ __  __ _ \ \ \ \
( ( )\___ | '_ | '_| | '_ \/ _` | \ \ \ \
 \\/  ___)| |_)| | | | | || (_| |  ) ) ) )
  '  |____| .__|_| |_|_| |_\__, | / / / /
 =========|_|==============|___/=/_/_/_/
 :: Spring Boot ::                (v3.2.3)

2025-06-08T22:43:19.693-05:00  INFO 36693 --- [OnlineBookStore] [           main] c.b.backend.OnlineBookStoreApplication   : Starting OnlineBookStoreApplication using Java 17.0.15 with PID 36693 (/Users/tejureddy/Desktop/Workspace/Online_Book_Store/backend/target/classes started by tejureddy in /Users/tejureddy/Desktop/Workspace/Online_Book_Store/backend)
2025-06-08T22:43:19.695-05:00 DEBUG 36693 --- [OnlineBookStore] [           main] c.b.backend.OnlineBookStoreApplication   : Running with Spring Boot v3.2.3, Spring v6.1.4
2025-06-08T22:43:19.696-05:00  INFO 36693 --- [OnlineBookStore] [           main] c.b.backend.OnlineBookStoreApplication   : No active profile set, falling back to 1 default profile: "default"
2025-06-08T22:43:20.970-05:00  INFO 36693 --- [OnlineBookStore] [           main] .s.d.r.c.RepositoryConfigurationDelegate : Bootstrapping Spring Data JPA repositories in DEFAULT mode.
2025-06-08T22:43:21.067-05:00  INFO 36693 --- [OnlineBookStore] [           main] .s.d.r.c.RepositoryConfigurationDelegate : Finished Spring Data repository scanning in 80 ms. Found 3 JPA repository interfaces.
2025-06-08T22:43:22.156-05:00  INFO 36693 --- [OnlineBookStore] [           main] o.s.b.w.embedded.tomcat.TomcatWebServer  : Tomcat initialized with port 8081 (http)
2025-06-08T22:43:22.174-05:00  INFO 36693 --- [OnlineBookStore] [           main] o.apache.catalina.core.StandardService   : Starting service [Tomcat]
2025-06-08T22:43:22.174-05:00  INFO 36693 --- [OnlineBookStore] [           main] o.apache.catalina.core.StandardEngine    : Starting Servlet engine: [Apache Tomcat/10.1.19]
2025-06-08T22:43:22.242-05:00  INFO 36693 --- [OnlineBookStore] [           main] o.a.c.c.C.[Tomcat].[localhost].[/]       : Initializing Spring embedded WebApplicationContext
2025-06-08T22:43:22.243-05:00  INFO 36693 --- [OnlineBookStore] [           main] w.s.c.ServletWebServerApplicationContext : Root WebApplicationContext: initialization completed in 2510 ms
2025-06-08T22:43:22.605-05:00  INFO 36693 --- [OnlineBookStore] [           main] o.hibernate.jpa.internal.util.LogHelper  : HHH000204: Processing PersistenceUnitInfo [name: default]
2025-06-08T22:43:22.716-05:00  INFO 36693 --- [OnlineBookStore] [           main] org.hibernate.Version                    : HHH000412: Hibernate ORM core version 6.4.4.Final
2025-06-08T22:43:22.786-05:00  INFO 36693 --- [OnlineBookStore] [           main] o.h.c.internal.RegionFactoryInitiator    : HHH000026: Second-level cache disabled
2025-06-08T22:43:23.128-05:00  INFO 36693 --- [OnlineBookStore] [           main] o.s.o.j.p.SpringPersistenceUnitInfo      : No LoadTimeWeaver setup: ignoring JPA class transformer
2025-06-08T22:43:23.178-05:00  INFO 36693 --- [OnlineBookStore] [           main] com.zaxxer.hikari.HikariDataSource       : HikariPool-1 - Starting...
2025-06-08T22:43:23.459-05:00  INFO 36693 --- [OnlineBookStore] [           main] com.zaxxer.hikari.pool.HikariPool        : HikariPool-1 - Added connection org.postgresql.jdbc.PgConnection@151659dd
2025-06-08T22:43:23.460-05:00  INFO 36693 --- [OnlineBookStore] [           main] com.zaxxer.hikari.HikariDataSource       : HikariPool-1 - Start completed.
2025-06-08T22:43:25.028-05:00  INFO 36693 --- [OnlineBookStore] [           main] o.h.e.t.j.p.i.JtaPlatformInitiator       : HHH000489: No JTA platform available (set 'hibernate.transaction.jta.platform' to enable JTA platform integration)
2025-06-08T22:43:25.139-05:00  INFO 36693 --- [OnlineBookStore] [           main] j.LocalContainerEntityManagerFactoryBean : Initialized JPA EntityManagerFactory for persistence unit 'default'
2025-06-08T22:43:25.691-05:00 DEBUG 36693 --- [OnlineBookStore] [           main] c.b.b.security.JwtAuthenticationFilter   : Filter 'jwtAuthenticationFilter' configured for use
2025-06-08T22:43:25.893-05:00  INFO 36693 --- [OnlineBookStore] [           main] o.s.d.j.r.query.QueryEnhancerFactory     : Hibernate is in classpath; If applicable, HQL parser will be used.
2025-06-08T22:43:26.623-05:00  WARN 36693 --- [OnlineBookStore] [           main] JpaBaseConfiguration$JpaWebConfiguration : spring.jpa.open-in-view is enabled by default. Therefore, database queries may be performed during view rendering. Explicitly configure spring.jpa.open-in-view to disable this warning
2025-06-08T22:43:27.251-05:00  INFO 36693 --- [OnlineBookStore] [           main] o.s.b.a.e.web.EndpointLinksResolver      : Exposing 3 endpoint(s) beneath base path '/actuator'
2025-06-08T22:43:27.362-05:00  INFO 36693 --- [OnlineBookStore] [           main] o.s.s.web.DefaultSecurityFilterChain     : Will secure any request with [org.springframework.security.web.session.DisableEncodeUrlFilter@50ca509b, org.springframework.security.web.context.request.async.WebAsyncManagerIntegrationFilter@1026770d, org.springframework.security.web.context.SecurityContextHolderFilter@243c4ffe, org.springframework.security.web.header.HeaderWriterFilter@4d652bc6, org.springframework.web.filter.CorsFilter@5166f042, org.springframework.security.web.authentication.logout.LogoutFilter@16b6493d, com.bookstore.backend.security.JwtAuthenticationFilter@21b792c2, org.springframework.security.web.savedrequest.RequestCacheAwareFilter@4b7ecd37, org.springframework.security.web.servletapi.SecurityContextHolderAwareRequestFilter@68a1906f, org.springframework.security.web.authentication.AnonymousAuthenticationFilter@616549c, org.springframework.security.web.session.SessionManagementFilter@1c1b9de9, org.springframework.security.web.access.ExceptionTranslationFilter@a72bb34, org.springframework.security.web.access.intercept.AuthorizationFilter@684138c5]
2025-06-08T22:43:28.178-05:00  INFO 36693 --- [OnlineBookStore] [           main] o.s.b.w.embedded.tomcat.TomcatWebServer  : Tomcat started on port 8081 (http) with context path ''
2025-06-08T22:43:28.199-05:00  INFO 36693 --- [OnlineBookStore] [           main] c.b.backend.OnlineBookStoreApplication   : Started OnlineBookStoreApplication in 8.945 seconds (process running for 9.359)
2025-06-08T22:44:44.770-05:00  INFO 36693 --- [OnlineBookStore] [ionShutdownHook] j.LocalContainerEntityManagerFactoryBean : Closing JPA EntityManagerFactory for persistence unit 'default'
2025-06-08T22:44:44.772-05:00  INFO 36693 --- [OnlineBookStore] [ionShutdownHook] com.zaxxer.hikari.HikariDataSource       : HikariPool-1 - Shutdown initiated...
2025-06-08T22:44:44.778-05:00  INFO 36693 --- [OnlineBookStore] [ionShutdownHook] com.zaxxer.hikari.HikariDataSource       : HikariPool-1 - Shutdown completed.
